<?xml version="1.0" encoding="UTF-8"?>
<!-- Generated by org.testng.reporters.JUnitReportReporter -->
<testsuite hostname="DSK-920" failures="0" tests="1" name="com.selenium.test.OrderItemTest" time="26.460" errors="0" timestamp="2021-09-10T15:37:03 IST" skipped="0">
  <testcase classname="com.selenium.test.OrderItemTest" name="SC01_TC02_OrderItem" time="26.460"/>
  <system-out/>
</testsuite> <!-- com.selenium.test.OrderItemTest -->
