<?xml version="1.0" encoding="UTF-8"?>
<!-- Generated by org.testng.reporters.JUnitReportReporter -->
<testsuite hostname="DSK-920" failures="0" tests="1" name="com.selenium.test.OrderItemTest" time="17.329" errors="0" timestamp="2021-09-10T15:41:31 IST" skipped="0">
  <testcase classname="com.selenium.test.OrderItemTest" name="SC01_TC01_OrderItem" time="17.329"/>
  <system-out/>
</testsuite> <!-- com.selenium.test.OrderItemTest -->
